2025-04-18 18:25:30 - Erro ao realizar backup
2025-04-18 18:27:30 - Erro ao realizar backup
2025-04-18 18:31:10 [INFO] Iniciando backup...
2025-04-18 18:31:10 [INFO] Comando: "C:\xampp\mysql\bin\mysqldump.exe" --host=localhost --user=root --password= --databases db_nt --result-file="C:\xampp\htdocs\NT/backups/backup_2025-04-18_18-31-10.sql" 2>&1
2025-04-18 18:31:12 [ERRO] Erro ao realizar backup
2025-04-18 18:31:12 [ERRO] Código de retorno: 2
2025-04-18 18:31:12 [ERRO] Saída do comando:
2025-04-18 18:31:12 [ERRO] mysqldump.exe: Got error: 1932: "Table 'db_nt.notificacao' doesn't exist in engine" when using LOCK TABLES
2025-04-18 18:33:16 [INFO] Iniciando backup...
2025-04-18 18:33:16 [INFO] Comando: "C:\xampp\mysql\bin\mysqldump.exe" --skip-lock-tables --host=localhost --user=root --password= --databases db_nt --result-file="C:\xampp\htdocs\NT/backups/backup_2025-04-18_18-33-16.sql" 2>&1
2025-04-18 18:33:18 [ERRO] Erro ao realizar backup
2025-04-18 18:33:18 [ERRO] Código de retorno: 2
2025-04-18 18:33:18 [ERRO] Saída do comando:
2025-04-18 18:33:18 [ERRO] mysqldump.exe: Couldn't execute 'show create table `notificacao`': Table 'db_nt.notificacao' doesn't exist in engine (1932)
2025-04-18 18:43:46 [INFO] Iniciando backup...
2025-04-18 18:43:46 [INFO] Comando: "C:\xampp\mysql\bin\mysqldump.exe" --skip-lock-tables --host=localhost --user=root --password= --databases db_nt --result-file="C:\xampp\htdocs\NT/backups/backup_2025-04-18_18-43-46.sql" 2>&1
2025-04-18 18:43:48 [INFO] Backup realizado com sucesso: C:\xampp\htdocs\NT/backups/backup_2025-04-18_18-43-46.sql
2025-04-18 18:47:19 [INFO] Iniciando backup...
2025-04-18 18:47:19 [INFO] Comando: "C:\xampp\mysql\bin\mysqldump.exe" --opt --user="root" --host="localhost" --complete-insert --skip-extended-insert --routines --triggers --default-character-set=utf8mb4 "db_nt" > "C:\xampp\htdocs\NT/backups/backup_2025-04-18_18-47-19.sql" 2>&1
2025-04-18 18:47:21 [INFO] Backup realizado com sucesso: backup_2025-04-18_18-47-19.sql
2025-04-18 18:47:21 [INFO] Número de INSERTs no backup: 305
2025-04-18 18:47:21 [INFO] 
Tabelas incluídas no backup:
2025-04-18 18:47:21 [INFO] - anuncio
2025-04-18 18:47:21 [INFO] - aprovacao
2025-04-18 18:47:21 [INFO] - avaliacao
2025-04-18 18:47:21 [INFO] - cache
2025-04-18 18:47:21 [INFO] - cache_locks
2025-04-18 18:47:21 [INFO] - cartao
2025-04-18 18:47:21 [INFO] - categoria
2025-04-18 18:47:21 [INFO] - compra
2025-04-18 18:47:21 [INFO] - compra_reclamacao
2025-04-18 18:47:21 [INFO] - failed_jobs
2025-04-18 18:47:21 [INFO] - imagem
2025-04-18 18:47:21 [INFO] - item_imagem
2025-04-18 18:47:21 [INFO] - job_batches
2025-04-18 18:47:21 [INFO] - jobs
2025-04-18 18:47:21 [INFO] - mensagem
2025-04-18 18:47:21 [INFO] - mensagem_utilizador
2025-04-18 18:47:21 [INFO] - migrations
2025-04-18 18:47:21 [INFO] - morada
2025-04-18 18:47:21 [INFO] - nota
2025-04-18 18:47:21 [INFO] - notificacao
2025-04-18 18:47:21 [INFO] - pagamento
2025-04-18 18:47:21 [INFO] - password_reset_tokens
2025-04-18 18:47:21 [INFO] - personal_access_tokens
2025-04-18 18:47:21 [INFO] - reclamacao
2025-04-18 18:47:21 [INFO] - referenciatipo
2025-04-18 18:47:21 [INFO] - sessions
2025-04-18 18:47:21 [INFO] - status_anuncio
2025-04-18 18:47:21 [INFO] - status_aprovacao
2025-04-18 18:47:21 [INFO] - status_mensagem
2025-04-18 18:47:21 [INFO] - status_reclamacao
2025-04-18 18:47:21 [INFO] - status_troca
2025-04-18 18:47:21 [INFO] - status_utilizador
2025-04-18 18:47:21 [INFO] - tipo_item
2025-04-18 18:47:21 [INFO] - tipo_notificacao
2025-04-18 18:47:21 [INFO] - tipouser
2025-04-18 18:47:21 [INFO] - troca
2025-04-18 18:47:21 [INFO] - users
2025-04-18 18:47:21 [INFO] - utilizador
2025-04-19 15:56:21 [INFO] Iniciando backup...
2025-04-19 15:56:21 [INFO] Comando: "C:\xampp\mysql\bin\mysqldump.exe" --opt --user="root" --host="localhost" --complete-insert --skip-extended-insert --routines --triggers --default-character-set=utf8mb4 "db_nt" > "C:\xampp\htdocs\NT/backups/backup_2025-04-19_15-56-20.sql" 2>&1
2025-04-19 15:56:23 [INFO] Backup realizado com sucesso: backup_2025-04-19_15-56-20.sql
2025-04-19 15:56:23 [INFO] Número de INSERTs no backup: 306
2025-04-19 15:56:23 [INFO] 
Tabelas incluídas no backup:
2025-04-19 15:56:23 [INFO] - anuncio
2025-04-19 15:56:23 [INFO] - aprovacao
2025-04-19 15:56:23 [INFO] - avaliacao
2025-04-19 15:56:23 [INFO] - cache
2025-04-19 15:56:23 [INFO] - cache_locks
2025-04-19 15:56:23 [INFO] - cartao
2025-04-19 15:56:23 [INFO] - categoria
2025-04-19 15:56:23 [INFO] - compra
2025-04-19 15:56:23 [INFO] - compra_reclamacao
2025-04-19 15:56:23 [INFO] - failed_jobs
2025-04-19 15:56:23 [INFO] - imagem
2025-04-19 15:56:23 [INFO] - item_imagem
2025-04-19 15:56:23 [INFO] - job_batches
2025-04-19 15:56:23 [INFO] - jobs
2025-04-19 15:56:23 [INFO] - mensagem
2025-04-19 15:56:23 [INFO] - mensagem_utilizador
2025-04-19 15:56:23 [INFO] - migrations
2025-04-19 15:56:23 [INFO] - morada
2025-04-19 15:56:23 [INFO] - nota
2025-04-19 15:56:23 [INFO] - notificacao
2025-04-19 15:56:23 [INFO] - pagamento
2025-04-19 15:56:23 [INFO] - password_reset_tokens
2025-04-19 15:56:23 [INFO] - personal_access_tokens
2025-04-19 15:56:23 [INFO] - reclamacao
2025-04-19 15:56:23 [INFO] - referenciatipo
2025-04-19 15:56:23 [INFO] - sessions
2025-04-19 15:56:23 [INFO] - status_anuncio
2025-04-19 15:56:23 [INFO] - status_aprovacao
2025-04-19 15:56:23 [INFO] - status_mensagem
2025-04-19 15:56:23 [INFO] - status_reclamacao
2025-04-19 15:56:23 [INFO] - status_troca
2025-04-19 15:56:23 [INFO] - status_utilizador
2025-04-19 15:56:23 [INFO] - tipo_item
2025-04-19 15:56:23 [INFO] - tipo_notificacao
2025-04-19 15:56:23 [INFO] - tipouser
2025-04-19 15:56:23 [INFO] - troca
2025-04-19 15:56:23 [INFO] - users
2025-04-19 15:56:23 [INFO] - utilizador
2025-04-24 22:23:25 [INFO] Iniciando backup...
2025-04-24 22:23:25 [INFO] Comando: "C:\xampp\mysql\bin\mysqldump.exe" --opt --user="root" --host="localhost" --complete-insert --skip-extended-insert --routines --triggers --default-character-set=utf8mb4 "db_nt" > "C:\xampp\htdocs\NeighborTradeMarket/backups/backup_2025-04-24_22-23-25.sql" 2>&1
2025-04-24 22:23:26 [INFO] Backup realizado com sucesso: backup_2025-04-24_22-23-25.sql
2025-04-24 22:23:26 [INFO] Número de INSERTs no backup: 17
2025-04-24 22:23:26 [INFO] 
Tabelas incluídas no backup:
2025-04-24 22:23:26 [INFO] - cache
2025-04-24 22:23:26 [INFO] - cache_locks
2025-04-24 22:23:26 [INFO] - failed_jobs
2025-04-24 22:23:26 [INFO] - job_batches
2025-04-24 22:23:26 [INFO] - jobs
2025-04-24 22:23:26 [INFO] - migrations
2025-04-24 22:23:26 [INFO] - password_reset_tokens
2025-04-24 22:23:26 [INFO] - sessions
2025-04-24 22:23:26 [INFO] - users
2025-04-26 18:03:59 [INFO] Iniciando backup...
2025-04-26 18:03:59 [INFO] Comando: "C:\xampp\mysql\bin\mysqldump.exe" --opt --user="root" --host="localhost" --complete-insert --skip-extended-insert --routines --triggers --default-character-set=utf8mb4 "db_nt" > "C:\xampp\htdocs\NT/backups/backup_2025-04-26_18-03-59.sql" 2>&1
2025-04-26 18:04:02 [INFO] Backup realizado com sucesso: backup_2025-04-26_18-03-59.sql
2025-04-26 18:04:02 [INFO] Número de INSERTs no backup: 0
2025-04-26 18:04:02 [INFO] 
Tabelas incluídas no backup:
2025-04-26 18:04:02 [INFO] - anuncio
2025-04-26 18:04:02 [INFO] - aprovacao
2025-04-26 18:04:02 [INFO] - avaliacao
2025-04-26 18:04:02 [INFO] - cartao
2025-04-26 18:04:02 [INFO] - categoria
2025-04-26 18:04:02 [INFO] - compra
2025-04-26 18:04:02 [INFO] - compra_reclamacao
2025-04-26 18:04:02 [INFO] - estado_notificacao
2025-04-26 18:04:02 [INFO] - imagem
2025-04-26 18:04:02 [INFO] - item_imagem
2025-04-26 18:04:02 [INFO] - mensagem
2025-04-26 18:04:02 [INFO] - mensagem_utilizador
2025-04-26 18:04:02 [INFO] - morada
2025-04-26 18:04:02 [INFO] - nota
2025-04-26 18:04:02 [INFO] - notificacao
2025-04-26 18:04:02 [INFO] - pagamento
2025-04-26 18:04:02 [INFO] - reclamacao
2025-04-26 18:04:02 [INFO] - referenciatipo
2025-04-26 18:04:02 [INFO] - status_anuncio
2025-04-26 18:04:02 [INFO] - status_aprovacao
2025-04-26 18:04:02 [INFO] - status_mensagem
2025-04-26 18:04:02 [INFO] - status_reclamacao
2025-04-26 18:04:02 [INFO] - status_troca
2025-04-26 18:04:02 [INFO] - status_utilizador
2025-04-26 18:04:02 [INFO] - tipo_item
2025-04-26 18:04:02 [INFO] - tipo_notificacao
2025-04-26 18:04:02 [INFO] - tipouser
2025-04-26 18:04:02 [INFO] - troca
2025-04-26 18:04:02 [INFO] - utilizador
2025-04-26 18:04:02 [INFO] Backup antigo removido: backup_2025-04-19_15-56-20.sql
2025-04-26 18:55:55 [INFO] Iniciando backup...
2025-04-26 18:55:55 [INFO] Comando: "C:\xampp\mysql\bin\mysqldump.exe" --opt --user="root" --host="localhost" --complete-insert --skip-extended-insert --routines --triggers --default-character-set=utf8mb4 "db_nt" > "C:\xampp\htdocs\NT/backups/backup_2025-04-26_18-55-55.sql" 2>&1
2025-04-26 18:55:58 [INFO] Backup realizado com sucesso: backup_2025-04-26_18-55-55.sql
2025-04-26 18:55:58 [INFO] Número de INSERTs no backup: 401
2025-04-26 18:55:58 [INFO] 
Tabelas incluídas no backup:
2025-04-26 18:55:58 [INFO] - anuncio
2025-04-26 18:55:58 [INFO] - aprovacao
2025-04-26 18:55:58 [INFO] - avaliacao
2025-04-26 18:55:58 [INFO] - cache
2025-04-26 18:55:58 [INFO] - cache_locks
2025-04-26 18:55:58 [INFO] - cartao
2025-04-26 18:55:58 [INFO] - categoria
2025-04-26 18:55:58 [INFO] - compra
2025-04-26 18:55:58 [INFO] - compra_reclamacao
2025-04-26 18:55:58 [INFO] - estado_notificacao
2025-04-26 18:55:58 [INFO] - failed_jobs
2025-04-26 18:55:58 [INFO] - imagem
2025-04-26 18:55:58 [INFO] - item_imagem
2025-04-26 18:55:58 [INFO] - jobs
2025-04-26 18:55:58 [INFO] - mensagem
2025-04-26 18:55:58 [INFO] - mensagem_utilizador
2025-04-26 18:55:58 [INFO] - morada
2025-04-26 18:55:58 [INFO] - nota
2025-04-26 18:55:58 [INFO] - notificacao
2025-04-26 18:55:58 [INFO] - pagamento
2025-04-26 18:55:58 [INFO] - personal_access_tokens
2025-04-26 18:55:58 [INFO] - reclamacao
2025-04-26 18:55:58 [INFO] - referenciatipo
2025-04-26 18:55:58 [INFO] - sessions
2025-04-26 18:55:58 [INFO] - status_anuncio
2025-04-26 18:55:58 [INFO] - status_aprovacao
2025-04-26 18:55:58 [INFO] - status_mensagem
2025-04-26 18:55:58 [INFO] - status_reclamacao
2025-04-26 18:55:58 [INFO] - status_troca
2025-04-26 18:55:58 [INFO] - status_utilizador
2025-04-26 18:55:58 [INFO] - tipo_item
2025-04-26 18:55:58 [INFO] - tipo_notificacao
2025-04-26 18:55:58 [INFO] - tipouser
2025-04-26 18:55:58 [INFO] - troca
2025-04-26 18:55:58 [INFO] - utilizador
